Arguments: 
  /usr/bin/node /usr/bin/yarn publish

PATH: 
  /usr/local/sbin:/usr/local/bin:/usr/sbin:/usr/bin:/sbin:/bin:/usr/games:/usr/local/games:/snap/bin

Yarn version: 
  1.22.19

Node version: 
  18.16.0

Platform: 
  linux x64

Trace: 
  Error: canceled
      at Interface.<anonymous> (/usr/lib/node_modules/yarn/lib/cli.js:137150:13)
      at Interface.emit (node:events:513:28)
      at [_ttyWrite] [as _ttyWrite] (node:internal/readline/interface:1131:18)
      at ReadStream.onkeypress (node:internal/readline/interface:270:20)
      at ReadStream.emit (node:events:513:28)
      at emitKeys (node:internal/readline/utils:357:14)
      at emitKeys.next (<anonymous>)
      at ReadStream.onData (node:internal/readline/emitKeypressEvents:64:36)
      at ReadStream.emit (node:events:513:28)
      at addChunk (node:internal/streams/readable:324:12)

npm manifest: 
  {
    "name": "react-next-js-code-snippets",
    "displayName": "React Next JS Code Snippets",
    "description": "React Next.js development with lightning-fast code snippets!",
    "publisher": "sohanemon",
    "repository": {
      "type": "git",
      "url": "https://github.com/sohanemon/react-next-js-code-snippets"
    },
    "icon": "src/assets/icon.png",
    "version": "0.1.7",
    "engines": {
      "vscode": "^1.77.0"
    },
    "categories": [
      "Snippets"
    ],
    "license": "LICENSE.md",
    "contributes": {
      "snippets": [
        {
          "language": "typescript",
          "path": "src/snippets/snippets.code-snippets"
        },
        {
          "language": "javascript",
          "path": "src/snippets/snippets.code-snippets"
        },
        {
          "language": "javascriptreact",
          "path": "src/snippets/snippets.code-snippets"
        },
        {
          "language": "typescriptreact",
          "path": "src/snippets/snippets.code-snippets"
        }
      ]
    }
  }

yarn manifest: 
  No manifest

Lockfile: 
  # THIS IS AN AUTOGENERATED FILE. DO NOT EDIT THIS FILE DIRECTLY.
  # yarn lockfile v1
